# Logfile created on 2022-03-07 15:36:49 +0000 by logger.rb/66358
I, [2022-03-07T15:36:49.921376 #188]  INFO -- : (0.000158s) PRAGMA foreign_keys = 1
I, [2022-03-07T15:36:49.921551 #188]  INFO -- : (0.000057s) PRAGMA case_sensitive_like = 1
I, [2022-03-07T15:36:49.922381 #188]  INFO -- : (0.000138s) SELECT sqlite_version()
E, [2022-03-07T15:36:49.922620 #188] ERROR -- : SQLite3::NotADatabaseException: file is not a database: PRAGMA table_info('posts')
E, [2022-03-07T15:36:49.922950 #188] ERROR -- : SQLite3::NotADatabaseException: file is not a database: SELECT * FROM `posts` LIMIT 0
I, [2022-03-07T15:39:10.763377 #202]  INFO -- : (0.000153s) PRAGMA foreign_keys = 1
I, [2022-03-07T15:39:10.763568 #202]  INFO -- : (0.000061s) PRAGMA case_sensitive_like = 1
I, [2022-03-07T15:39:10.764514 #202]  INFO -- : (0.000141s) SELECT sqlite_version()
E, [2022-03-07T15:39:10.764771 #202] ERROR -- : SQLite3::NotADatabaseException: file is not a database: PRAGMA table_info('posts')
E, [2022-03-07T15:39:10.765142 #202] ERROR -- : SQLite3::NotADatabaseException: file is not a database: SELECT * FROM `posts` LIMIT 0
I, [2022-03-07T15:40:52.814039 #206]  INFO -- : (0.000120s) PRAGMA foreign_keys = 1
I, [2022-03-07T15:40:52.814227 #206]  INFO -- : (0.000066s) PRAGMA case_sensitive_like = 1
I, [2022-03-07T15:40:52.815087 #206]  INFO -- : (0.000137s) SELECT sqlite_version()
E, [2022-03-07T15:40:52.815339 #206] ERROR -- : SQLite3::NotADatabaseException: file is not a database: PRAGMA table_info('posts')
E, [2022-03-07T15:40:52.815680 #206] ERROR -- : SQLite3::NotADatabaseException: file is not a database: SELECT * FROM `posts` LIMIT 0
I, [2022-03-07T15:55:36.181223 #328]  INFO -- : (0.000229s) PRAGMA foreign_keys = 1
I, [2022-03-07T15:55:36.181391 #328]  INFO -- : (0.000028s) PRAGMA case_sensitive_like = 1
I, [2022-03-07T15:55:36.182376 #328]  INFO -- : (0.000097s) SELECT sqlite_version()
I, [2022-03-07T15:55:36.182638 #328]  INFO -- : (0.000052s) PRAGMA table_info('users')
E, [2022-03-07T15:55:36.182906 #328] ERROR -- : SQLite3::SQLException: no such table: users: SELECT * FROM `users` LIMIT 0
I, [2022-03-07T15:56:16.018325 #332]  INFO -- : (0.000181s) PRAGMA foreign_keys = 1
I, [2022-03-07T15:56:16.018463 #332]  INFO -- : (0.000021s) PRAGMA case_sensitive_like = 1
I, [2022-03-07T15:56:16.019198 #332]  INFO -- : (0.000077s) SELECT sqlite_version()
I, [2022-03-07T15:56:16.019399 #332]  INFO -- : (0.000038s) PRAGMA table_info('users')
E, [2022-03-07T15:56:16.019605 #332] ERROR -- : SQLite3::SQLException: no such table: users: SELECT * FROM `users` LIMIT 0
I, [2022-03-07T16:00:56.143551 #337]  INFO -- : (0.000237s) PRAGMA foreign_keys = 1
I, [2022-03-07T16:00:56.143713 #337]  INFO -- : (0.000027s) PRAGMA case_sensitive_like = 1
I, [2022-03-07T16:00:56.144639 #337]  INFO -- : (0.000130s) SELECT sqlite_version()
I, [2022-03-07T16:00:56.144899 #337]  INFO -- : (0.000051s) PRAGMA table_info('users')
E, [2022-03-07T16:00:56.145168 #337] ERROR -- : SQLite3::SQLException: no such table: users: SELECT * FROM `users` LIMIT 0
I, [2022-03-07T16:01:14.207203 #341]  INFO -- : (0.000176s) PRAGMA foreign_keys = 1
I, [2022-03-07T16:01:14.207326 #341]  INFO -- : (0.000021s) PRAGMA case_sensitive_like = 1
I, [2022-03-07T16:01:14.207924 #341]  INFO -- : (0.000068s) SELECT sqlite_version()
I, [2022-03-07T16:01:14.208148 #341]  INFO -- : (0.000038s) PRAGMA table_info('users')
E, [2022-03-07T16:01:14.208349 #341] ERROR -- : SQLite3::SQLException: no such table: users: SELECT * FROM `users` LIMIT 0
I, [2022-03-07T16:02:35.270425 #345]  INFO -- : (0.000193s) PRAGMA foreign_keys = 1
I, [2022-03-07T16:02:35.270572 #345]  INFO -- : (0.000022s) PRAGMA case_sensitive_like = 1
I, [2022-03-07T16:05:11.966017 #357]  INFO -- : (0.000169s) PRAGMA foreign_keys = 1
I, [2022-03-07T16:05:11.966148 #357]  INFO -- : (0.000021s) PRAGMA case_sensitive_like = 1
I, [2022-03-07T16:05:11.966763 #357]  INFO -- : (0.000106s) SELECT sqlite_version()
I, [2022-03-07T16:05:11.966963 #357]  INFO -- : (0.000038s) PRAGMA table_info('users')
E, [2022-03-07T16:05:11.967167 #357] ERROR -- : SQLite3::SQLException: no such table: users: SELECT * FROM `users` LIMIT 0
I, [2022-03-07T16:07:56.678875 #361]  INFO -- : (0.000169s) PRAGMA foreign_keys = 1
I, [2022-03-07T16:07:56.679000 #361]  INFO -- : (0.000021s) PRAGMA case_sensitive_like = 1
I, [2022-03-07T16:07:56.679612 #361]  INFO -- : (0.000069s) SELECT sqlite_version()
I, [2022-03-07T16:07:56.679826 #361]  INFO -- : (0.000040s) PRAGMA table_info('users')
E, [2022-03-07T16:07:56.680101 #361] ERROR -- : SQLite3::SQLException: no such table: users: SELECT * FROM `users` LIMIT 0
I, [2022-03-07T16:09:42.923524 #365]  INFO -- : (0.000190s) PRAGMA foreign_keys = 1
I, [2022-03-07T16:09:42.923670 #365]  INFO -- : (0.000022s) PRAGMA case_sensitive_like = 1
I, [2022-03-07T16:09:42.924441 #365]  INFO -- : (0.000117s) SELECT sqlite_version()
I, [2022-03-07T16:09:42.924739 #365]  INFO -- : (0.000067s) PRAGMA table_info('users')
E, [2022-03-07T16:09:42.925043 #365] ERROR -- : SQLite3::SQLException: no such table: users: SELECT * FROM `users` LIMIT 0
I, [2022-03-07T16:12:42.546782 #369]  INFO -- : (0.000237s) PRAGMA foreign_keys = 1
I, [2022-03-07T16:12:42.546956 #369]  INFO -- : (0.000026s) PRAGMA case_sensitive_like = 1
I, [2022-03-07T16:12:42.547743 #369]  INFO -- : (0.000107s) SELECT sqlite_version()
I, [2022-03-07T16:12:42.548038 #369]  INFO -- : (0.000050s) PRAGMA table_info('users')
E, [2022-03-07T16:12:42.548400 #369] ERROR -- : SQLite3::SQLException: no such table: users: SELECT * FROM `users` LIMIT 0
I, [2022-03-07T16:15:26.788233 #373]  INFO -- : (0.000238s) PRAGMA foreign_keys = 1
I, [2022-03-07T16:15:26.788370 #373]  INFO -- : (0.000022s) PRAGMA case_sensitive_like = 1
I, [2022-03-07T16:15:26.788993 #373]  INFO -- : (0.000094s) SELECT sqlite_version()
I, [2022-03-07T16:15:26.789231 #373]  INFO -- : (0.000052s) PRAGMA table_info('users')
E, [2022-03-07T16:15:26.789463 #373] ERROR -- : SQLite3::SQLException: no such table: users: SELECT * FROM `users` LIMIT 0
I, [2022-03-07T16:16:16.847830 #377]  INFO -- : (0.000171s) PRAGMA foreign_keys = 1
I, [2022-03-07T16:16:16.847960 #377]  INFO -- : (0.000022s) PRAGMA case_sensitive_like = 1
I, [2022-03-07T16:16:16.848537 #377]  INFO -- : (0.000076s) SELECT sqlite_version()
I, [2022-03-07T16:16:16.848760 #377]  INFO -- : (0.000040s) PRAGMA table_info('users')
E, [2022-03-07T16:16:16.848971 #377] ERROR -- : SQLite3::SQLException: no such table: users: SELECT * FROM `users` LIMIT 0
I, [2022-03-07T16:16:53.454188 #381]  INFO -- : (0.000170s) PRAGMA foreign_keys = 1
I, [2022-03-07T16:16:53.454321 #381]  INFO -- : (0.000022s) PRAGMA case_sensitive_like = 1
I, [2022-03-07T16:16:53.454850 #381]  INFO -- : (0.000073s) SELECT sqlite_version()
I, [2022-03-07T16:16:53.455061 #381]  INFO -- : (0.000038s) PRAGMA table_info('users')
E, [2022-03-07T16:16:53.455259 #381] ERROR -- : SQLite3::SQLException: no such table: users: SELECT * FROM `users` LIMIT 0
I, [2022-03-07T16:19:43.377557 #388]  INFO -- : (0.000226s) PRAGMA foreign_keys = 1
I, [2022-03-07T16:19:43.377711 #388]  INFO -- : (0.000025s) PRAGMA case_sensitive_like = 1
I, [2022-03-07T16:19:43.378330 #388]  INFO -- : (0.000084s) SELECT sqlite_version()
I, [2022-03-07T16:19:43.378536 #388]  INFO -- : (0.000038s) PRAGMA table_info('users')
E, [2022-03-07T16:19:43.378740 #388] ERROR -- : SQLite3::SQLException: no such table: users: SELECT * FROM `users` LIMIT 0
I, [2022-03-07T16:19:58.990259 #392]  INFO -- : (0.000213s) PRAGMA foreign_keys = 1
I, [2022-03-07T16:19:58.990398 #392]  INFO -- : (0.000023s) PRAGMA case_sensitive_like = 1
I, [2022-03-07T16:19:58.991077 #392]  INFO -- : (0.000100s) SELECT sqlite_version()
I, [2022-03-07T16:19:58.991325 #392]  INFO -- : (0.000041s) PRAGMA table_info('users')
E, [2022-03-07T16:19:58.991614 #392] ERROR -- : SQLite3::SQLException: no such table: users: SELECT * FROM `users` LIMIT 0
I, [2022-03-07T16:21:15.319046 #397]  INFO -- : (0.000195s) PRAGMA foreign_keys = 1
I, [2022-03-07T16:21:15.319179 #397]  INFO -- : (0.000022s) PRAGMA case_sensitive_like = 1
I, [2022-03-07T16:21:15.319814 #397]  INFO -- : (0.000097s) SELECT sqlite_version()
I, [2022-03-07T16:21:15.320065 #397]  INFO -- : (0.000047s) PRAGMA table_info('users')
E, [2022-03-07T16:21:15.320337 #397] ERROR -- : SQLite3::SQLException: no such table: users: SELECT * FROM `users` LIMIT 0
I, [2022-03-07T16:24:11.839344 #402]  INFO -- : (0.000241s) PRAGMA foreign_keys = 1
I, [2022-03-07T16:24:11.839516 #402]  INFO -- : (0.000031s) PRAGMA case_sensitive_like = 1
I, [2022-03-07T16:24:11.840419 #402]  INFO -- : (0.000152s) SELECT sqlite_version()
I, [2022-03-07T16:24:11.840811 #402]  INFO -- : (0.000069s) PRAGMA table_info('users')
E, [2022-03-07T16:24:11.841148 #402] ERROR -- : SQLite3::SQLException: no such table: users: SELECT * FROM `users` LIMIT 0
I, [2022-03-07T16:27:59.368130 #406]  INFO -- : (0.000206s) PRAGMA foreign_keys = 1
I, [2022-03-07T16:27:59.368263 #406]  INFO -- : (0.000021s) PRAGMA case_sensitive_like = 1
I, [2022-03-07T16:27:59.368884 #406]  INFO -- : (0.000076s) SELECT sqlite_version()
I, [2022-03-07T16:27:59.369088 #406]  INFO -- : (0.000043s) PRAGMA table_info('users')
E, [2022-03-07T16:27:59.369290 #406] ERROR -- : SQLite3::SQLException: no such table: users: SELECT * FROM `users` LIMIT 0
